(---------------------------------------------------------------------)
(                                                                     )
(    Allegro Netrev Import Logic                                      )
(                                                                     )
(    Drawing          : beeSafe_1V0.brd                               )
(    Software Version : 17.2S055                                      )
(    Date/Time        : Tue Mar 10 07:37:27 2020                      )
(                                                                     )
(---------------------------------------------------------------------)


------ Directives ------------

Ripup etch:                  No
Ripup delete first segment:  No
Ripup retain bondwire:       No
Ripup symbols:               Always
Missing symbol has error:    No
DRC update:                  Yes
Schematic directory:         'K:\ORCAD\DESIGN\BEESAFE\allegro'
Design Directory:            'K:/OrCAD/Design/BeeSafe/allegro'
Old design name:             'K:/OrCAD/Design/BeeSafe/allegro/beeSafe_1V0.brd'
New design name:             'K:/OrCAD/Design/BeeSafe/allegro/beeSafe_1V1.brd'

CmdLine: netrev.exe -y 1 -i K:\ORCAD\DESIGN\BEESAFE\allegro K:\OrCAD\Design\BeeSafe\allegro\beeSafe_1V0.brd K:\OrCAD\Design\BeeSafe\allegro\beeSafe_1V1.brd

------ Preparing to read pst files ------

Starting to read K:/ORCAD/DESIGN/BEESAFE/allegro/pstchip.dat 
   Finished reading K:/ORCAD/DESIGN/BEESAFE/allegro/pstchip.dat (00:00:00.09)
Starting to read K:/ORCAD/DESIGN/BEESAFE/allegro/pstxprt.dat 
   Finished reading K:/ORCAD/DESIGN/BEESAFE/allegro/pstxprt.dat (00:00:00.01)
Starting to read K:/ORCAD/DESIGN/BEESAFE/allegro/pstxnet.dat 
   Finished reading K:/ORCAD/DESIGN/BEESAFE/allegro/pstxnet.dat (00:00:00.01)

------ Oversights/Warnings/Errors ------


------ Library Paths ------
MODULEPATH =  . 
           c:/cadence/spb_17.2/share/local/pcb/modules 

PSMPATH =  Q:/allegro/PCB_LIB/symbols/ 
           . 
           symbols 
           .. 
           ../symbols 
           c:/cadence/spb_17.2/share/local/pcb/symbols 
           c:/cadence/spb_17.2/share/pcb/pcb_lib/symbols 
           c:/cadence/spb_17.2/share/pcb/allegrolib/symbols 

PADPATH =  Q:/allegro/PCB_LIB/padstacks/ 
           . 
           symbols 
           .. 
           ../symbols 
           c:/cadence/spb_17.2/share/local/pcb/padstacks 
           c:/cadence/spb_17.2/share/pcb/pcb_lib/symbols 
           c:/cadence/spb_17.2/share/pcb/allegrolib/symbols 


------ Summary Statistics ------


netrev run on Mar 10 7:37:27 2020
   DESIGN NAME : 'BEESAFE'
   PACKAGING ON May 11 2019 05:12:43

   COMPILE 'logic'
   CHECK_PIN_NAMES OFF
   CROSS_REFERENCE OFF
   FEEDBACK OFF
   INCREMENTAL OFF
   INTERFACE_TYPE PHYSICAL
   MAX_ERRORS 500
   MERGE_MINIMUM 5
   NET_NAME_CHARS '#%&()*+-./:=>?@[]^_`|'
   NET_NAME_LENGTH 24
   OVERSIGHTS ON
   REPLACE_CHECK OFF
   SINGLE_NODE_NETS ON
   SPLIT_MINIMUM 0
   SUPPRESS   20
   WARNINGS ON

 No error detected
 No oversight detected
 No warning detected

cpu time      0:04:09
elapsed time  0:00:01

